[17Jul2026 16:10:11.799] [main/INFO] [net.neoforged.fml.startup.Entrypoint/]: JVM Uptime at startup: 103ms
[17Jul2026 16:10:11.805] [main/INFO] [net.neoforged.fml.loading.FMLLoader/]: Starting FancyModLoader version 11.0.3 (CLIENT in DEV)
[17Jul2026 16:10:11.806] [main/INFO] [net.neoforged.fml.loading.FMLLoader/]: Game directory: C:\MCMods\26.1-EnhancedEndgame\neoforge\runs\client
[17Jul2026 16:10:11.842] [main/INFO] [net.neoforged.fml.loading.EarlyServiceDiscovery/]: Found 2 early service jars (out of 107) in 15ms
[17Jul2026 16:10:11.843] [main/INFO] [net.neoforged.fml.loading.FMLLoader/]: Loading FML Early Services:
[17Jul2026 16:10:11.843] [main/INFO] [net.neoforged.fml.loading.FMLLoader/]:  - C:/Users/Owner/.gradle/caches/modules-2/files-2.1/net.neoforged.fancymodloader/loader/11.0.3/3f76babf6fa2bbeb3c8390ce0aad2f44f53cbe47/loader-11.0.3.jar
[17Jul2026 16:10:11.844] [main/INFO] [net.neoforged.fml.loading.FMLLoader/]:  - C:/Users/Owner/.gradle/caches/modules-2/files-2.1/net.neoforged.fancymodloader/earlydisplay/11.0.3/8c620a52ec9cd3296b13a453d6229ac2617a9a5e/earlydisplay-11.0.3.jar
[17Jul2026 16:10:11.847] [main/INFO] [net.neoforged.fml.loading.ImmediateWindowHandler/]: Loading ImmediateWindowProvider fmlearlywindow
[17Jul2026 16:10:12.262] [ForkJoinPool.commonPool-worker-3/INFO] [net.neoforged.fml.loading.moddiscovery.locators.GameLocator/]: Detected a joined NeoForge and Minecraft configuration. Applying filtering...
[17Jul2026 16:10:12.308] [ForkJoinPool.commonPool-worker-3/INFO] [net.neoforged.fml.loading.moddiscovery.locators.InDevFolderLocator/CORE]: Got mod coordinates enhancedendgame%%C:\MCMods\26.1-EnhancedEndgame\neoforge\build\classes\java\main;enhancedendgame%%C:\MCMods\26.1-EnhancedEndgame\neoforge\build\resources\main from env
[17Jul2026 16:10:12.316] [fml-loadingscreen/INFO] [net.neoforged.fml.earlydisplay.render.LoadingScreenRenderer/]: GL info: NVIDIA GeForce RTX 4070/PCIe/SSE2 GL version 3.3.0 NVIDIA 610.62, NVIDIA Corporation
[17Jul2026 16:10:12.407] [ForkJoinPool.commonPool-worker-3/INFO] [net.neoforged.fml.loading.moddiscovery.locators.JarInJarDependencyLocator/]: Found 2 dependencies adding them to mods collection
[17Jul2026 16:10:12.408] [ForkJoinPool.commonPool-worker-3/INFO] [net.neoforged.fml.loading.moddiscovery.ModDiscoverer/]: 
     Mod List:
		Name Version (Mod Id)

		Enhanced Endgame 0.1.0 (enhancedendgame)
		Minecraft 26.1 (minecraft)
		NeoForge 26.1.0.1-beta (neoforge)
[17Jul2026 16:10:12.567] [main/INFO] [mixin/]: SpongePowered MIXIN Subsystem Version=0.8.7 Source=file:/C:/Users/Owner/.gradle/caches/modules-2/files-2.1/net.fabricmc/sponge-mixin/0.16.5+mixin.0.8.7/80fc3a9f592673cea87f4cd702f87991c6c9fe4d/sponge-mixin-0.16.5+mixin.0.8.7.jar Service=FML Env=CLIENT
[17Jul2026 16:10:12.585] [main/INFO] [net.neoforged.fml.loading.FMLLoader/]: Loading FML Plugins:
[17Jul2026 16:10:12.586] [main/INFO] [net.neoforged.fml.loading.FMLLoader/]:  - C:/Users/Owner/.gradle/caches/modules-2/files-2.1/net.neoforged/neoforge/26.1.0.1-beta/ef713b81fdcc723ad4c9d2ac2e7d4173f8dbdbd6/neoforge-26.1.0.1-beta-universal.jar > net.neoforged.neoforge-coremods-26.1.0.1-beta.jar
[17Jul2026 16:10:12.640] [main/INFO] [net.neoforged.fml.loading.FMLLoader/]: Building game content classloader:
 - enhancedendgame (composite(folder(C:/MCMods/26.1-EnhancedEndgame/neoforge/build/classes/java/main), folder(C:/MCMods/26.1-EnhancedEndgame/neoforge/build/resources/main)))
 - minecraft (composite(filtered(jar(C:/MCMods/26.1-EnhancedEndgame/neoforge/build/moddev/artifacts/minecraft-patched-26.1.0.1-beta.jar)), filtered(jar(C:/MCMods/26.1-EnhancedEndgame/neoforge/build/moddev/artifacts/minecraft-patched-26.1.0.1-beta.jar))))
 - mixinextras.neoforge (jar(C:/Users/Owner/.gradle/caches/modules-2/files-2.1/net.neoforged/neoforge/26.1.0.1-beta/ef713b81fdcc723ad4c9d2ac2e7d4173f8dbdbd6/neoforge-26.1.0.1-beta-universal.jar > mixinextras-neoforge-0.5.3.jar))
 - neoforge (composite(filtered(jar(C:/Users/Owner/.gradle/caches/modules-2/files-2.1/net.neoforged/neoforge/26.1.0.1-beta/ef713b81fdcc723ad4c9d2ac2e7d4173f8dbdbd6/neoforge-26.1.0.1-beta-universal.jar))))
 - net.neoforged.fml.generated (empty(VirtualJar/net.neoforged.fml.generated))
[17Jul2026 16:10:12.648] [main/INFO] [net.neoforged.fml.loading.FMLLoader/]: Built game content classloader in 20ms
[17Jul2026 16:10:13.418] [Datafixer Bootstrap/INFO] [com.mojang.datafixers.DataFixerBuilder/]: 294 Datafixer optimizations took 197 milliseconds
[17Jul2026 16:10:13.478] [pool-8-thread-1/INFO] [MixinExtras|Service/]: Initializing MixinExtras via com.llamalad7.mixinextras.service.MixinExtrasServiceImpl(version=0.5.3).
[17Jul2026 16:10:15.956] [main/WARN] [net.minecraft.commands.Commands/]: Ambiguity between arguments [teleport, location] and [teleport, destination] with inputs: [0.1 -0.5 .9, 0 0 0]
[17Jul2026 16:10:15.957] [main/WARN] [net.minecraft.commands.Commands/]: Ambiguity between arguments [teleport, location] and [teleport, targets] with inputs: [0.1 -0.5 .9, 0 0 0]
[17Jul2026 16:10:15.959] [main/WARN] [net.minecraft.commands.Commands/]: Ambiguity between arguments [teleport, destination] and [teleport, targets] with inputs: [Player, 0123, @e, dd12be42-52a9-4a91-a8a1-11c01849e498]
[17Jul2026 16:10:15.960] [main/WARN] [net.minecraft.commands.Commands/]: Ambiguity between arguments [teleport, targets] and [teleport, destination] with inputs: [Player, 0123, dd12be42-52a9-4a91-a8a1-11c01849e498]
[17Jul2026 16:10:15.961] [main/WARN] [net.minecraft.commands.Commands/]: Ambiguity between arguments [teleport, targets, location] and [teleport, targets, destination] with inputs: [0.1 -0.5 .9, 0 0 0]
[17Jul2026 16:10:15.962] [main/WARN] [net.minecraft.commands.Commands/]: Ambiguity between arguments [time, set, time] and [time, set, timemarker] with inputs: [0, 0s, 0d, 0t]
[17Jul2026 16:10:15.963] [main/WARN] [net.minecraft.commands.Commands/]: Ambiguity between arguments [time, set, timemarker] and [time, set, time] with inputs: [012]
[17Jul2026 16:10:15.964] [main/WARN] [net.minecraft.commands.Commands/]: Ambiguity between arguments [time, of, clock, set, time] and [time, of, clock, set, timemarker] with inputs: [0, 0s, 0d, 0t]
[17Jul2026 16:10:15.965] [main/WARN] [net.minecraft.commands.Commands/]: Ambiguity between arguments [time, of, clock, set, timemarker] and [time, of, clock, set, time] with inputs: [012]
[17Jul2026 16:10:15.966] [main/WARN] [net.minecraft.commands.Commands/]: Ambiguity between arguments [waypoint, modify, waypoint, color, reset] and [waypoint, modify, waypoint, color, color] with inputs: [reset]
[17Jul2026 16:10:16.005] [modloading-worker-0/INFO] [Enhanced Endgame/]: Hello NeoForge world!
[17Jul2026 16:10:16.009] [modloading-worker-0/INFO] [Enhanced Endgame/]: Hello from Common init on NeoForge! we are currently in a development environment!
[17Jul2026 16:10:16.010] [modloading-worker-0/INFO] [Enhanced Endgame/]: The ID for diamonds is minecraft:diamond
[17Jul2026 16:10:16.010] [modloading-worker-0/INFO] [Enhanced Endgame/]: Hello to Enhanced Endgame
[17Jul2026 16:10:16.014] [modloading-worker-0/INFO] [net.neoforged.neoforge.common.NeoForgeMod/NEOFORGE-MOD]: NeoForge mod loading, version 26.1.0.1-beta, for MC 26.1
[17Jul2026 16:10:16.324] [Render thread/INFO] [com.mojang.authlib.yggdrasil.YggdrasilAuthenticationService/]: Environment: Environment[sessionHost=https://sessionserver.mojang.com, servicesHost=https://api.minecraftservices.com, profilesHost=https://api.mojang.com, name=PROD]
[17Jul2026 16:10:16.336] [Render thread/INFO] [net.minecraft.client.Minecraft/]: Setting user: Dev
[17Jul2026 16:10:16.384] [Render thread/INFO] [net.minecraft.client.Minecraft/]: Backend library: LWJGL version 3.4.1+2
[17Jul2026 16:10:16.498] [Render thread/INFO] [net.minecraft.client.Minecraft/]: Using optional rendering extensions: GL_ARB_buffer_storage, GL_KHR_debug, GL_ARB_vertex_attrib_binding, GL_ARB_direct_state_access, GL_EXT_texture_filter_anisotropic
[17Jul2026 16:10:16.867] [Render thread/INFO] [net.minecraft.server.packs.resources.ReloadableResourceManager/]: Reloading ResourceManager: vanilla, mod_resources, mod/enhancedendgame, mod/neoforge
[17Jul2026 16:10:17.009] [resourceLoad/INFO] [net.minecraft.client.gui.font.providers.UnihexProvider/]: Found unifont_all_no_pua-17.0.01.hex, loading
[17Jul2026 16:10:17.009] [resourceLoad/INFO] [net.minecraft.client.gui.font.providers.UnihexProvider/]: Found unifont_pua-17.0.01.hex, loading
[17Jul2026 16:10:17.039] [resourceLoad/INFO] [net.minecraft.client.gui.font.providers.UnihexProvider/]: Found unifont_jp_patch-17.0.01.hex, loading
[17Jul2026 16:10:17.916] [Render thread/WARN] [com.mojang.blaze3d.opengl.GlProgram/]: neoforge:pipeline/item_translucent_unlit shader program does not use sampler Sampler2 defined in the pipeline. This might be a bug.
[17Jul2026 16:10:17.926] [Render thread/WARN] [com.mojang.blaze3d.opengl.GlProgram/]: neoforge:pipeline/item_cutout_unlit shader program does not use sampler Sampler2 defined in the pipeline. This might be a bug.
[17Jul2026 16:10:17.967] [Render thread/INFO] [com.mojang.blaze3d.audio.Library/]: OpenAL initialized on device OpenAL Soft on Speakers (HyperX Cloud Stinger Core (Wireless) – PS)
[17Jul2026 16:10:17.969] [Render thread/INFO] [net.minecraft.client.sounds.SoundEngine/SOUNDS]: Sound engine started
[17Jul2026 16:10:17.969] [Render thread/INFO] [net.minecraft.client.renderer.texture.TextureAtlas/]: Created: 512x256x0 minecraft:textures/atlas/particles.png-atlas
[17Jul2026 16:10:17.984] [Render thread/INFO] [net.minecraft.client.renderer.texture.TextureAtlas/]: Created: 128x128x0 minecraft:textures/atlas/decorated_pot.png-atlas
[17Jul2026 16:10:17.986] [Render thread/INFO] [net.minecraft.client.renderer.texture.TextureAtlas/]: Created: 2048x1024x0 minecraft:textures/atlas/armor_trims.png-atlas
[17Jul2026 16:10:17.997] [Render thread/INFO] [net.minecraft.client.renderer.texture.TextureAtlas/]: Created: 512x256x0 minecraft:textures/atlas/paintings.png-atlas
[17Jul2026 16:10:18.019] [Render thread/INFO] [net.minecraft.client.renderer.texture.TextureAtlas/]: Created: 1024x512x0 minecraft:textures/atlas/shield_patterns.png-atlas
[17Jul2026 16:10:18.021] [Render thread/INFO] [net.minecraft.client.renderer.texture.TextureAtlas/]: Created: 2048x2048x4 minecraft:textures/atlas/blocks.png-atlas
[17Jul2026 16:10:18.067] [Render thread/INFO] [net.minecraft.client.renderer.texture.TextureAtlas/]: Created: 512x512x0 minecraft:textures/atlas/chest.png-atlas
[17Jul2026 16:10:18.083] [Render thread/INFO] [net.minecraft.client.renderer.texture.TextureAtlas/]: Created: 256x128x0 minecraft:textures/atlas/celestials.png-atlas
[17Jul2026 16:10:18.083] [Render thread/INFO] [net.minecraft.client.renderer.texture.TextureAtlas/]: Created: 1024x512x0 minecraft:textures/atlas/banner_patterns.png-atlas
[17Jul2026 16:10:18.085] [Render thread/INFO] [net.minecraft.client.renderer.texture.TextureAtlas/]: Created: 512x512x0 minecraft:textures/atlas/beds.png-atlas
[17Jul2026 16:10:18.088] [Render thread/INFO] [net.minecraft.client.renderer.texture.TextureAtlas/]: Created: 1024x512x0 minecraft:textures/atlas/items.png-atlas
[17Jul2026 16:10:18.097] [Render thread/INFO] [net.minecraft.client.renderer.texture.TextureAtlas/]: Created: 1024x1024x0 minecraft:textures/atlas/gui.png-atlas
[17Jul2026 16:10:18.118] [Render thread/INFO] [net.minecraft.client.renderer.texture.TextureAtlas/]: Created: 128x64x0 minecraft:textures/atlas/map_decorations.png-atlas
[17Jul2026 16:10:18.131] [Render thread/INFO] [net.minecraft.client.renderer.texture.TextureAtlas/]: Created: 512x256x0 minecraft:textures/atlas/signs.png-atlas
[17Jul2026 16:10:18.132] [Render thread/INFO] [net.minecraft.client.renderer.texture.TextureAtlas/]: Created: 512x512x0 minecraft:textures/atlas/shulker_boxes.png-atlas
[17Jul2026 16:10:18.188] [Render thread/INFO] [net.neoforged.neoforge.client.entity.animation.json.AnimationLoader/]: Loaded 0 entity animations
[17Jul2026 16:10:38.393] [Render thread/WARN] [net.minecraft.server.MinecraftServer/]: Missing data pack tests
[17Jul2026 16:10:38.800] [Render thread/INFO] [net.minecraft.world.item.crafting.RecipeManager/]: Loaded 1530 recipes
[17Jul2026 16:10:38.806] [Render thread/INFO] [net.minecraft.advancements.AdvancementTree/]: Loaded 1632 advancements
[17Jul2026 16:10:38.808] [Render thread/INFO] [net.neoforged.neoforge.common.crafting.RecipePriorityManager/]: Loaded 0 recipe priority overrides
[17Jul2026 16:10:45.888] [Server thread/INFO] [net.minecraft.client.server.IntegratedServer/]: Starting integrated minecraft server version 26.1
[17Jul2026 16:10:45.888] [Server thread/INFO] [net.minecraft.server.MinecraftServer/]: Generating keypair
[17Jul2026 16:10:46.064] [Server thread/INFO] [net.minecraft.server.level.progress.LoggingLevelLoadListener/]: Selecting global world spawn...
[17Jul2026 16:10:46.247] [Server thread/INFO] [net.minecraft.server.level.progress.LoggingLevelLoadListener/]: Loading 0 persistent chunks...
[17Jul2026 16:10:46.248] [Server thread/INFO] [net.minecraft.server.level.progress.LoggingLevelLoadListener/]: Preparing spawn area: 16%
[17Jul2026 16:10:46.249] [Server thread/INFO] [net.minecraft.server.MinecraftServer/]: Saving chunks for level 'ServerLevel[New World]'/minecraft:overworld
[17Jul2026 16:10:46.293] [Server thread/INFO] [net.minecraft.server.MinecraftServer/]: Saving chunks for level 'ServerLevel[New World]'/minecraft:the_nether
[17Jul2026 16:10:46.311] [Server thread/INFO] [net.minecraft.server.MinecraftServer/]: Saving chunks for level 'ServerLevel[New World]'/minecraft:the_end
[17Jul2026 16:10:46.358] [Server thread/INFO] [net.minecraft.server.MinecraftServer/]: ThreadedAnvilChunkStorage (world): All chunks are saved
[17Jul2026 16:10:46.358] [Server thread/INFO] [net.minecraft.server.MinecraftServer/]: ThreadedAnvilChunkStorage (DIM-1): All chunks are saved
[17Jul2026 16:10:46.358] [Server thread/INFO] [net.minecraft.server.MinecraftServer/]: ThreadedAnvilChunkStorage (DIM1): All chunks are saved
[17Jul2026 16:10:46.358] [Server thread/INFO] [net.minecraft.server.MinecraftServer/]: ThreadedAnvilChunkStorage: All dimensions are saved
[17Jul2026 16:10:46.361] [Server thread/INFO] [net.neoforged.neoforge.server.permission.PermissionAPI/]: Successfully initialized permission handler neoforge:default_handler
[17Jul2026 16:10:46.623] [Server thread/INFO] [net.minecraft.server.level.progress.LoggingLevelLoadListener/]: Loading 48 chunks for player spawn...
[17Jul2026 16:10:46.623] [Server thread/INFO] [net.minecraft.server.level.progress.LoggingLevelLoadListener/]: Preparing spawn area: 16%
[17Jul2026 16:10:46.861] [Server thread/INFO] [net.minecraft.server.level.progress.LoggingLevelLoadListener/]: Time elapsed: 798 ms
[17Jul2026 16:10:47.035] [Server thread/INFO] [net.minecraft.server.players.PlayerList/]: Dev[local:E:1d65bfc5] logged in with entity id 1 at (7.5, -60.0, 7.5)
[17Jul2026 16:10:47.066] [Server thread/INFO] [net.minecraft.server.MinecraftServer/]: Dev joined the game
[17Jul2026 16:10:47.136] [Server thread/INFO] [net.minecraft.client.server.IntegratedServer/]: Changing view distance to 18, from 10
[17Jul2026 16:10:47.138] [Server thread/INFO] [net.minecraft.client.server.IntegratedServer/]: Changing simulation distance to 12, from 0
[17Jul2026 16:10:47.153] [Render thread/WARN] [net.minecraft.client.multiplayer.ClientPacketListener/]: Ignoring chat session from Dev due to missing Services public key
[17Jul2026 16:10:47.155] [Render thread/INFO] [net.minecraft.advancements.AdvancementTree/]: Loaded 2 advancements
[17Jul2026 16:10:47.210] [Render thread/INFO] [net.minecraft.client.renderer.DynamicUniformStorage/]: Resizing Dynamic Transforms UBO, capacity limit of 2 reached during a single frame. New capacity will be 4.
[17Jul2026 16:10:47.239] [Render thread/INFO] [net.minecraft.client.renderer.DynamicUniformStorage/]: Resizing Dynamic Transforms UBO, capacity limit of 4 reached during a single frame. New capacity will be 8.
[17Jul2026 16:10:47.298] [Render thread/INFO] [net.minecraft.client.renderer.DynamicUniformStorage/]: Resizing Chunk Sections UBO, capacity limit of 2 reached during a single frame. New capacity will be 8.
[17Jul2026 16:10:47.352] [Render thread/INFO] [net.minecraft.client.renderer.DynamicUniformStorage/]: Resizing Chunk Sections UBO, capacity limit of 8 reached during a single frame. New capacity will be 16.
[17Jul2026 16:10:47.385] [Render thread/INFO] [net.minecraft.client.renderer.DynamicUniformStorage/]: Resizing Chunk Sections UBO, capacity limit of 16 reached during a single frame. New capacity will be 32.
[17Jul2026 16:10:47.642] [Render thread/INFO] [net.minecraft.client.renderer.DynamicUniformStorage/]: Resizing Chunk Sections UBO, capacity limit of 32 reached during a single frame. New capacity will be 64.
[17Jul2026 16:10:47.924] [Render thread/INFO] [net.minecraft.client.renderer.DynamicUniformStorage/]: Resizing Chunk Sections UBO, capacity limit of 64 reached during a single frame. New capacity will be 128.
[17Jul2026 16:10:48.432] [Render thread/INFO] [net.minecraft.client.renderer.DynamicUniformStorage/]: Resizing Chunk Sections UBO, capacity limit of 128 reached during a single frame. New capacity will be 256.
[17Jul2026 16:10:49.378] [Render thread/INFO] [net.minecraft.client.renderer.DynamicUniformStorage/]: Resizing Chunk Sections UBO, capacity limit of 256 reached during a single frame. New capacity will be 512.
[17Jul2026 16:11:00.901] [Server thread/INFO] [net.minecraft.server.commands.LocateCommand/]: Locating element minecraft:stronghold took 8 ms
[17Jul2026 16:11:00.906] [Render thread/INFO] [net.minecraft.client.gui.components.ChatComponent/]: [System] [CHAT] The nearest minecraft:stronghold is at [-304, ~, -1728] (1762 blocks away)
[17Jul2026 16:11:03.845] [Server thread/INFO] [net.minecraft.server.MinecraftServer/]: [Dev: Teleported Dev to -303.500000, -60.000000, -1727.500000]
[17Jul2026 16:11:03.846] [Render thread/INFO] [net.minecraft.client.gui.components.ChatComponent/]: [System] [CHAT] Teleported Dev to -303.500000, -60.000000, -1727.500000
[17Jul2026 16:11:06.361] [Server thread/INFO] [net.minecraft.server.MinecraftServer/]: [Dev: Set own game mode to Spectator Mode]
[17Jul2026 16:11:06.366] [Render thread/INFO] [net.minecraft.client.gui.components.ChatComponent/]: [System] [CHAT] Set own game mode to Spectator Mode
[17Jul2026 16:11:09.091] [Render thread/INFO] [net.minecraft.client.renderer.DynamicUniformStorage/]: Resizing Chunk Sections UBO, capacity limit of 512 reached during a single frame. New capacity will be 1024.
[17Jul2026 16:11:11.967] [Server thread/INFO] [net.minecraft.server.MinecraftServer/]: Dev has made the advancement [Eye Spy]
[17Jul2026 16:11:11.970] [Render thread/INFO] [net.minecraft.client.gui.components.ChatComponent/]: [System] [CHAT] Dev has made the advancement [Eye Spy]
[17Jul2026 16:11:12.016] [Render thread/INFO] [net.minecraft.advancements.AdvancementTree/]: Loaded 11 advancements
[17Jul2026 16:11:14.161] [Server thread/INFO] [net.minecraft.server.MinecraftServer/]: [Dev: Set own game mode to Creative Mode]
[17Jul2026 16:11:14.162] [Render thread/INFO] [net.minecraft.client.gui.components.ChatComponent/]: [System] [CHAT] Set own game mode to Creative Mode
[17Jul2026 16:11:14.220] [Render thread/INFO] [net.minecraft.client.renderer.DynamicUniformStorage/]: Resizing Dynamic Transforms UBO, capacity limit of 8 reached during a single frame. New capacity will be 16.
[17Jul2026 16:11:21.175] [Render thread/INFO] [net.minecraft.advancements.AdvancementTree/]: Loaded 13 advancements
[17Jul2026 16:11:26.123] [Server thread/INFO] [net.minecraft.server.MinecraftServer/]: Dev has made the advancement [The End?]
[17Jul2026 16:11:26.157] [Render thread/INFO] [net.minecraft.client.gui.components.ChatComponent/]: [System] [CHAT] Dev has made the advancement [The End?]
[17Jul2026 16:11:26.158] [Render thread/INFO] [net.minecraft.advancements.AdvancementTree/]: Loaded 19 advancements
[17Jul2026 16:11:27.143] [Server thread/INFO] [net.minecraft.world.level.dimension.end.EnderDragonFight/]: Scanning for legacy world dragon fight...
[17Jul2026 16:11:27.144] [Server thread/INFO] [net.minecraft.world.level.dimension.end.EnderDragonFight/]: Found that the dragon has not yet been killed in this world.
[17Jul2026 16:11:28.411] [Server thread/INFO] [net.minecraft.client.server.IntegratedServer/]: Saving and pausing game...
[17Jul2026 16:11:28.424] [Server thread/INFO] [net.minecraft.server.MinecraftServer/]: Saving chunks for level 'ServerLevel[New World]'/minecraft:overworld
[17Jul2026 16:11:28.424] [Server thread/INFO] [net.minecraft.server.MinecraftServer/]: Saving chunks for level 'ServerLevel[New World]'/minecraft:the_nether
[17Jul2026 16:11:28.424] [Server thread/INFO] [net.minecraft.server.MinecraftServer/]: Saving chunks for level 'ServerLevel[New World]'/minecraft:the_end
[17Jul2026 16:11:34.618] [Server thread/INFO] [net.minecraft.server.commands.LocateCommand/]: Locating element minecraft:end_city took 117 ms
[17Jul2026 16:11:34.622] [Render thread/INFO] [net.minecraft.client.gui.components.ChatComponent/]: [System] [CHAT] The nearest minecraft:end_city is at [1056, ~, 400] (1036 blocks away)
[17Jul2026 16:11:38.147] [Server thread/INFO] [net.minecraft.server.MinecraftServer/]: [Dev: Teleported Dev to 1056.500000, 52.657671, 400.500000]
[17Jul2026 16:11:38.148] [Render thread/INFO] [net.minecraft.client.gui.components.ChatComponent/]: [System] [CHAT] Teleported Dev to 1056.500000, 52.657671, 400.500000
[17Jul2026 16:11:47.171] [Render thread/INFO] [net.minecraft.client.renderer.DynamicUniformStorage/]: Resizing Chunk Sections UBO, capacity limit of 1024 reached during a single frame. New capacity will be 2048.
[17Jul2026 16:12:27.264] [Server thread/INFO] [net.minecraft.server.MinecraftServer/]: Dev has made the advancement [The City at the End of the Game]
[17Jul2026 16:12:27.269] [Render thread/INFO] [net.minecraft.client.gui.components.ChatComponent/]: [System] [CHAT] Dev has made the advancement [The City at the End of the Game]
[17Jul2026 16:12:27.315] [Render thread/INFO] [net.minecraft.advancements.AdvancementTree/]: Loaded 22 advancements
[17Jul2026 16:12:59.463] [Server thread/INFO] [net.minecraft.server.MinecraftServer/]: [Dev: Set own game mode to Spectator Mode]
[17Jul2026 16:12:59.465] [Render thread/INFO] [net.minecraft.client.gui.components.ChatComponent/]: [System] [CHAT] Set own game mode to Spectator Mode
[17Jul2026 16:13:32.240] [Server thread/INFO] [net.minecraft.server.commands.LocateCommand/]: Locating element minecraft:end_city took 0 ms
[17Jul2026 16:13:32.243] [Render thread/INFO] [net.minecraft.client.gui.components.ChatComponent/]: [System] [CHAT] The nearest minecraft:end_city is at [1680, ~, 64] (608 blocks away)
[17Jul2026 16:13:36.112] [Server thread/INFO] [net.minecraft.server.MinecraftServer/]: [Dev: Teleported Dev to 1680.500000, 120.567462, 64.500000]
[17Jul2026 16:13:36.114] [Render thread/INFO] [net.minecraft.client.gui.components.ChatComponent/]: [System] [CHAT] Teleported Dev to 1680.500000, 120.567462, 64.500000
[17Jul2026 16:13:45.112] [Server thread/INFO] [net.minecraft.server.MinecraftServer/]: [Dev: Set own game mode to Creative Mode]
[17Jul2026 16:13:45.114] [Render thread/INFO] [net.minecraft.client.gui.components.ChatComponent/]: [System] [CHAT] Set own game mode to Creative Mode
[17Jul2026 16:13:56.161] [Server thread/INFO] [net.minecraft.server.MinecraftServer/]: [Dev: Set own game mode to Spectator Mode]
[17Jul2026 16:13:56.161] [Render thread/INFO] [net.minecraft.client.gui.components.ChatComponent/]: [System] [CHAT] Set own game mode to Spectator Mode
[17Jul2026 16:14:01.463] [Server thread/INFO] [net.minecraft.server.MinecraftServer/]: [Dev: Set own game mode to Creative Mode]
[17Jul2026 16:14:01.467] [Render thread/INFO] [net.minecraft.client.gui.components.ChatComponent/]: [System] [CHAT] Set own game mode to Creative Mode
[17Jul2026 16:14:04.762] [Server thread/INFO] [net.minecraft.client.server.IntegratedServer/]: Saving and pausing game...
[17Jul2026 16:14:04.770] [Server thread/INFO] [net.minecraft.server.MinecraftServer/]: Saving chunks for level 'ServerLevel[New World]'/minecraft:overworld
[17Jul2026 16:14:04.770] [Server thread/INFO] [net.minecraft.server.MinecraftServer/]: Saving chunks for level 'ServerLevel[New World]'/minecraft:the_nether
[17Jul2026 16:14:04.771] [Server thread/INFO] [net.minecraft.server.MinecraftServer/]: Saving chunks for level 'ServerLevel[New World]'/minecraft:the_end
[17Jul2026 16:14:05.211] [Server thread/INFO] [net.minecraft.server.MinecraftServer/]: Stopping server
[17Jul2026 16:14:05.212] [Server thread/INFO] [net.minecraft.server.MinecraftServer/]: Saving players
[17Jul2026 16:14:05.219] [Server thread/INFO] [net.minecraft.server.network.ServerGamePacketListenerImpl/]: Dev lost connection: Disconnected
[17Jul2026 16:14:05.220] [Server thread/INFO] [net.minecraft.server.MinecraftServer/]: Dev left the game
[17Jul2026 16:14:05.226] [Server thread/INFO] [net.minecraft.server.network.ServerCommonPacketListenerImpl/]: Stopping singleplayer server as player logged out
[17Jul2026 16:14:05.226] [Server thread/INFO] [net.minecraft.server.MinecraftServer/]: Saving worlds
[17Jul2026 16:14:05.579] [Server thread/INFO] [net.minecraft.server.MinecraftServer/]: Saving chunks for level 'ServerLevel[New World]'/minecraft:overworld
[17Jul2026 16:14:05.641] [Server thread/INFO] [net.minecraft.server.MinecraftServer/]: Saving chunks for level 'ServerLevel[New World]'/minecraft:the_nether
[17Jul2026 16:14:05.648] [Server thread/INFO] [net.minecraft.server.MinecraftServer/]: Saving chunks for level 'ServerLevel[New World]'/minecraft:the_end
[17Jul2026 16:14:05.770] [Server thread/INFO] [net.minecraft.server.MinecraftServer/]: ThreadedAnvilChunkStorage (world): All chunks are saved
[17Jul2026 16:14:05.770] [Server thread/INFO] [net.minecraft.server.MinecraftServer/]: ThreadedAnvilChunkStorage (DIM-1): All chunks are saved
[17Jul2026 16:14:05.771] [Server thread/INFO] [net.minecraft.server.MinecraftServer/]: ThreadedAnvilChunkStorage (DIM1): All chunks are saved
[17Jul2026 16:14:05.771] [Server thread/INFO] [net.minecraft.server.MinecraftServer/]: ThreadedAnvilChunkStorage: All dimensions are saved
[17Jul2026 16:14:34.680] [Render thread/INFO] [net.minecraft.client.Minecraft/]: Stopping!
