[15Jul2026 19:20:47.469] [main/INFO] [net.neoforged.fml.startup.Entrypoint/]: JVM Uptime at startup: 109ms
[15Jul2026 19:20:47.476] [main/INFO] [net.neoforged.fml.loading.FMLLoader/]: Starting FancyModLoader version 11.0.3 (CLIENT in DEV)
[15Jul2026 19:20:47.476] [main/INFO] [net.neoforged.fml.loading.FMLLoader/]: Game directory: C:\MCMods\26.1-EnhancedEndgame\neoforge\runs\client
[15Jul2026 19:20:47.515] [main/INFO] [net.neoforged.fml.loading.EarlyServiceDiscovery/]: Found 2 early service jars (out of 107) in 15ms
[15Jul2026 19:20:47.515] [main/INFO] [net.neoforged.fml.loading.FMLLoader/]: Loading FML Early Services:
[15Jul2026 19:20:47.516] [main/INFO] [net.neoforged.fml.loading.FMLLoader/]:  - C:/Users/Owner/.gradle/caches/modules-2/files-2.1/net.neoforged.fancymodloader/loader/11.0.3/3f76babf6fa2bbeb3c8390ce0aad2f44f53cbe47/loader-11.0.3.jar
[15Jul2026 19:20:47.516] [main/INFO] [net.neoforged.fml.loading.FMLLoader/]:  - C:/Users/Owner/.gradle/caches/modules-2/files-2.1/net.neoforged.fancymodloader/earlydisplay/11.0.3/8c620a52ec9cd3296b13a453d6229ac2617a9a5e/earlydisplay-11.0.3.jar
[15Jul2026 19:20:47.519] [main/INFO] [net.neoforged.fml.loading.ImmediateWindowHandler/]: Loading ImmediateWindowProvider fmlearlywindow
[15Jul2026 19:20:47.933] [ForkJoinPool.commonPool-worker-5/INFO] [net.neoforged.fml.loading.moddiscovery.locators.GameLocator/]: Detected a joined NeoForge and Minecraft configuration. Applying filtering...
[15Jul2026 19:20:47.980] [fml-loadingscreen/INFO] [net.neoforged.fml.earlydisplay.render.LoadingScreenRenderer/]: GL info: NVIDIA GeForce RTX 4070/PCIe/SSE2 GL version 3.3.0 NVIDIA 610.62, NVIDIA Corporation
[15Jul2026 19:20:47.982] [ForkJoinPool.commonPool-worker-5/INFO] [net.neoforged.fml.loading.moddiscovery.locators.InDevFolderLocator/CORE]: Got mod coordinates enhancedendgame%%C:\MCMods\26.1-EnhancedEndgame\neoforge\build\classes\java\main;enhancedendgame%%C:\MCMods\26.1-EnhancedEndgame\neoforge\build\resources\main from env
[15Jul2026 19:20:48.075] [ForkJoinPool.commonPool-worker-5/INFO] [net.neoforged.fml.loading.moddiscovery.locators.JarInJarDependencyLocator/]: Found 2 dependencies adding them to mods collection
[15Jul2026 19:20:48.076] [ForkJoinPool.commonPool-worker-5/INFO] [net.neoforged.fml.loading.moddiscovery.ModDiscoverer/]: 
     Mod List:
		Name Version (Mod Id)

		Enhanced Endgame 0.1.0 (enhancedendgame)
		Minecraft 26.1 (minecraft)
		NeoForge 26.1.0.1-beta (neoforge)
[15Jul2026 19:20:48.202] [main/INFO] [mixin/]: SpongePowered MIXIN Subsystem Version=0.8.7 Source=file:/C:/Users/Owner/.gradle/caches/modules-2/files-2.1/net.fabricmc/sponge-mixin/0.16.5+mixin.0.8.7/80fc3a9f592673cea87f4cd702f87991c6c9fe4d/sponge-mixin-0.16.5+mixin.0.8.7.jar Service=FML Env=CLIENT
[15Jul2026 19:20:48.219] [main/INFO] [net.neoforged.fml.loading.FMLLoader/]: Loading FML Plugins:
[15Jul2026 19:20:48.220] [main/INFO] [net.neoforged.fml.loading.FMLLoader/]:  - C:/Users/Owner/.gradle/caches/modules-2/files-2.1/net.neoforged/neoforge/26.1.0.1-beta/ef713b81fdcc723ad4c9d2ac2e7d4173f8dbdbd6/neoforge-26.1.0.1-beta-universal.jar > net.neoforged.neoforge-coremods-26.1.0.1-beta.jar
[15Jul2026 19:20:48.279] [main/INFO] [net.neoforged.fml.loading.FMLLoader/]: Building game content classloader:
 - enhancedendgame (composite(folder(C:/MCMods/26.1-EnhancedEndgame/neoforge/build/classes/java/main), folder(C:/MCMods/26.1-EnhancedEndgame/neoforge/build/resources/main)))
 - minecraft (composite(filtered(jar(C:/MCMods/26.1-EnhancedEndgame/neoforge/build/moddev/artifacts/minecraft-patched-26.1.0.1-beta.jar)), filtered(jar(C:/MCMods/26.1-EnhancedEndgame/neoforge/build/moddev/artifacts/minecraft-patched-26.1.0.1-beta.jar))))
 - mixinextras.neoforge (jar(C:/Users/Owner/.gradle/caches/modules-2/files-2.1/net.neoforged/neoforge/26.1.0.1-beta/ef713b81fdcc723ad4c9d2ac2e7d4173f8dbdbd6/neoforge-26.1.0.1-beta-universal.jar > mixinextras-neoforge-0.5.3.jar))
 - neoforge (composite(filtered(jar(C:/Users/Owner/.gradle/caches/modules-2/files-2.1/net.neoforged/neoforge/26.1.0.1-beta/ef713b81fdcc723ad4c9d2ac2e7d4173f8dbdbd6/neoforge-26.1.0.1-beta-universal.jar))))
 - net.neoforged.fml.generated (empty(VirtualJar/net.neoforged.fml.generated))
[15Jul2026 19:20:48.288] [main/INFO] [net.neoforged.fml.loading.FMLLoader/]: Built game content classloader in 15ms
[15Jul2026 19:20:49.037] [Datafixer Bootstrap/INFO] [com.mojang.datafixers.DataFixerBuilder/]: 294 Datafixer optimizations took 182 milliseconds
[15Jul2026 19:20:49.107] [pool-8-thread-1/INFO] [MixinExtras|Service/]: Initializing MixinExtras via com.llamalad7.mixinextras.service.MixinExtrasServiceImpl(version=0.5.3).
[15Jul2026 19:20:51.566] [main/WARN] [net.minecraft.commands.Commands/]: Ambiguity between arguments [teleport, location] and [teleport, destination] with inputs: [0.1 -0.5 .9, 0 0 0]
[15Jul2026 19:20:51.567] [main/WARN] [net.minecraft.commands.Commands/]: Ambiguity between arguments [teleport, location] and [teleport, targets] with inputs: [0.1 -0.5 .9, 0 0 0]
[15Jul2026 19:20:51.569] [main/WARN] [net.minecraft.commands.Commands/]: Ambiguity between arguments [teleport, destination] and [teleport, targets] with inputs: [Player, 0123, @e, dd12be42-52a9-4a91-a8a1-11c01849e498]
[15Jul2026 19:20:51.570] [main/WARN] [net.minecraft.commands.Commands/]: Ambiguity between arguments [teleport, targets] and [teleport, destination] with inputs: [Player, 0123, dd12be42-52a9-4a91-a8a1-11c01849e498]
[15Jul2026 19:20:51.571] [main/WARN] [net.minecraft.commands.Commands/]: Ambiguity between arguments [teleport, targets, location] and [teleport, targets, destination] with inputs: [0.1 -0.5 .9, 0 0 0]
[15Jul2026 19:20:51.571] [main/WARN] [net.minecraft.commands.Commands/]: Ambiguity between arguments [time, set, time] and [time, set, timemarker] with inputs: [0, 0s, 0d, 0t]
[15Jul2026 19:20:51.572] [main/WARN] [net.minecraft.commands.Commands/]: Ambiguity between arguments [time, set, timemarker] and [time, set, time] with inputs: [012]
[15Jul2026 19:20:51.573] [main/WARN] [net.minecraft.commands.Commands/]: Ambiguity between arguments [time, of, clock, set, time] and [time, of, clock, set, timemarker] with inputs: [0, 0s, 0d, 0t]
[15Jul2026 19:20:51.574] [main/WARN] [net.minecraft.commands.Commands/]: Ambiguity between arguments [time, of, clock, set, timemarker] and [time, of, clock, set, time] with inputs: [012]
[15Jul2026 19:20:51.574] [main/WARN] [net.minecraft.commands.Commands/]: Ambiguity between arguments [waypoint, modify, waypoint, color, reset] and [waypoint, modify, waypoint, color, color] with inputs: [reset]
[15Jul2026 19:20:51.603] [modloading-worker-0/INFO] [Enhanced Endgame/]: Hello NeoForge world!
[15Jul2026 19:20:51.606] [modloading-worker-0/INFO] [Enhanced Endgame/]: Hello from Common init on NeoForge! we are currently in a development environment!
[15Jul2026 19:20:51.607] [modloading-worker-0/INFO] [Enhanced Endgame/]: The ID for diamonds is minecraft:diamond
[15Jul2026 19:20:51.607] [modloading-worker-0/INFO] [Enhanced Endgame/]: Hello to Enhanced Endgame
[15Jul2026 19:20:51.610] [modloading-worker-0/INFO] [net.neoforged.neoforge.common.NeoForgeMod/NEOFORGE-MOD]: NeoForge mod loading, version 26.1.0.1-beta, for MC 26.1
[15Jul2026 19:20:51.908] [Render thread/INFO] [com.mojang.authlib.yggdrasil.YggdrasilAuthenticationService/]: Environment: Environment[sessionHost=https://sessionserver.mojang.com, servicesHost=https://api.minecraftservices.com, profilesHost=https://api.mojang.com, name=PROD]
[15Jul2026 19:20:51.920] [Render thread/INFO] [net.minecraft.client.Minecraft/]: Setting user: Dev
[15Jul2026 19:20:51.977] [Render thread/INFO] [net.minecraft.client.Minecraft/]: Backend library: LWJGL version 3.4.1+2
[15Jul2026 19:20:52.075] [Render thread/INFO] [net.minecraft.client.Minecraft/]: Using optional rendering extensions: GL_ARB_buffer_storage, GL_KHR_debug, GL_ARB_vertex_attrib_binding, GL_ARB_direct_state_access, GL_EXT_texture_filter_anisotropic
[15Jul2026 19:20:52.455] [Render thread/INFO] [net.minecraft.server.packs.resources.ReloadableResourceManager/]: Reloading ResourceManager: vanilla, mod_resources, mod/enhancedendgame, mod/neoforge
[15Jul2026 19:20:52.586] [resourceLoad/INFO] [net.minecraft.client.gui.font.providers.UnihexProvider/]: Found unifont_all_no_pua-17.0.01.hex, loading
[15Jul2026 19:20:52.586] [resourceLoad/INFO] [net.minecraft.client.gui.font.providers.UnihexProvider/]: Found unifont_pua-17.0.01.hex, loading
[15Jul2026 19:20:52.700] [resourceLoad/INFO] [net.minecraft.client.gui.font.providers.UnihexProvider/]: Found unifont_jp_patch-17.0.01.hex, loading
[15Jul2026 19:20:53.363] [Render thread/WARN] [com.mojang.blaze3d.opengl.GlProgram/]: neoforge:pipeline/item_translucent_unlit shader program does not use sampler Sampler2 defined in the pipeline. This might be a bug.
[15Jul2026 19:20:53.372] [Render thread/WARN] [com.mojang.blaze3d.opengl.GlProgram/]: neoforge:pipeline/item_cutout_unlit shader program does not use sampler Sampler2 defined in the pipeline. This might be a bug.
[15Jul2026 19:20:53.407] [Render thread/INFO] [com.mojang.blaze3d.audio.Library/]: OpenAL initialized on device OpenAL Soft on Speakers (HyperX Cloud Stinger Core (Wireless) – PS)
[15Jul2026 19:20:53.409] [Render thread/INFO] [net.minecraft.client.sounds.SoundEngine/SOUNDS]: Sound engine started
[15Jul2026 19:20:53.409] [Render thread/INFO] [net.minecraft.client.renderer.texture.TextureAtlas/]: Created: 512x256x0 minecraft:textures/atlas/particles.png-atlas
[15Jul2026 19:20:53.421] [Render thread/INFO] [net.minecraft.client.renderer.texture.TextureAtlas/]: Created: 128x128x0 minecraft:textures/atlas/decorated_pot.png-atlas
[15Jul2026 19:20:53.426] [Render thread/INFO] [net.minecraft.client.renderer.texture.TextureAtlas/]: Created: 2048x1024x0 minecraft:textures/atlas/armor_trims.png-atlas
[15Jul2026 19:20:53.437] [Render thread/INFO] [net.minecraft.client.renderer.texture.TextureAtlas/]: Created: 512x256x0 minecraft:textures/atlas/paintings.png-atlas
[15Jul2026 19:20:53.458] [Render thread/INFO] [net.minecraft.client.renderer.texture.TextureAtlas/]: Created: 1024x512x0 minecraft:textures/atlas/shield_patterns.png-atlas
[15Jul2026 19:20:53.459] [Render thread/INFO] [net.minecraft.client.renderer.texture.TextureAtlas/]: Created: 2048x2048x4 minecraft:textures/atlas/blocks.png-atlas
[15Jul2026 19:20:53.505] [Render thread/INFO] [net.minecraft.client.renderer.texture.TextureAtlas/]: Created: 512x512x0 minecraft:textures/atlas/chest.png-atlas
[15Jul2026 19:20:53.521] [Render thread/INFO] [net.minecraft.client.renderer.texture.TextureAtlas/]: Created: 256x128x0 minecraft:textures/atlas/celestials.png-atlas
[15Jul2026 19:20:53.522] [Render thread/INFO] [net.minecraft.client.renderer.texture.TextureAtlas/]: Created: 1024x512x0 minecraft:textures/atlas/banner_patterns.png-atlas
[15Jul2026 19:20:53.523] [Render thread/INFO] [net.minecraft.client.renderer.texture.TextureAtlas/]: Created: 512x512x0 minecraft:textures/atlas/beds.png-atlas
[15Jul2026 19:20:53.526] [Render thread/INFO] [net.minecraft.client.renderer.texture.TextureAtlas/]: Created: 1024x512x0 minecraft:textures/atlas/items.png-atlas
[15Jul2026 19:20:53.535] [Render thread/INFO] [net.minecraft.client.renderer.texture.TextureAtlas/]: Created: 1024x1024x0 minecraft:textures/atlas/gui.png-atlas
[15Jul2026 19:20:53.556] [Render thread/INFO] [net.minecraft.client.renderer.texture.TextureAtlas/]: Created: 128x64x0 minecraft:textures/atlas/map_decorations.png-atlas
[15Jul2026 19:20:53.572] [Render thread/INFO] [net.minecraft.client.renderer.texture.TextureAtlas/]: Created: 512x256x0 minecraft:textures/atlas/signs.png-atlas
[15Jul2026 19:20:53.573] [Render thread/INFO] [net.minecraft.client.renderer.texture.TextureAtlas/]: Created: 512x512x0 minecraft:textures/atlas/shulker_boxes.png-atlas
[15Jul2026 19:20:53.642] [Render thread/INFO] [net.neoforged.neoforge.client.entity.animation.json.AnimationLoader/]: Loaded 0 entity animations
[15Jul2026 19:20:57.535] [Render thread/INFO] [net.minecraft.world.item.crafting.RecipeManager/]: Loaded 1515 recipes
[15Jul2026 19:20:57.542] [Render thread/INFO] [net.minecraft.advancements.AdvancementTree/]: Loaded 1617 advancements
[15Jul2026 19:20:57.543] [Render thread/INFO] [net.neoforged.neoforge.common.crafting.RecipePriorityManager/]: Loaded 0 recipe priority overrides
[15Jul2026 19:20:57.629] [Server thread/INFO] [net.minecraft.client.server.IntegratedServer/]: Starting integrated minecraft server version 26.1
[15Jul2026 19:20:57.629] [Server thread/INFO] [net.minecraft.server.MinecraftServer/]: Generating keypair
[15Jul2026 19:20:57.795] [Server thread/INFO] [net.minecraft.server.level.progress.LoggingLevelLoadListener/]: Loading 0 persistent chunks...
[15Jul2026 19:20:57.807] [Server thread/INFO] [net.minecraft.server.MinecraftServer/]: Saving chunks for level 'ServerLevel[New World]'/minecraft:overworld
[15Jul2026 19:20:57.823] [Server thread/INFO] [net.minecraft.server.MinecraftServer/]: Saving chunks for level 'ServerLevel[New World]'/minecraft:the_nether
[15Jul2026 19:20:57.835] [Server thread/INFO] [net.minecraft.server.MinecraftServer/]: Saving chunks for level 'ServerLevel[New World]'/minecraft:the_end
[15Jul2026 19:20:57.856] [Server thread/INFO] [net.minecraft.server.MinecraftServer/]: ThreadedAnvilChunkStorage (world): All chunks are saved
[15Jul2026 19:20:57.856] [Server thread/INFO] [net.minecraft.server.MinecraftServer/]: ThreadedAnvilChunkStorage (DIM-1): All chunks are saved
[15Jul2026 19:20:57.856] [Server thread/INFO] [net.minecraft.server.MinecraftServer/]: ThreadedAnvilChunkStorage (DIM1): All chunks are saved
[15Jul2026 19:20:57.856] [Server thread/INFO] [net.minecraft.server.MinecraftServer/]: ThreadedAnvilChunkStorage: All dimensions are saved
[15Jul2026 19:20:57.859] [Server thread/INFO] [net.neoforged.neoforge.server.permission.PermissionAPI/]: Successfully initialized permission handler neoforge:default_handler
[15Jul2026 19:20:58.176] [Server thread/INFO] [net.minecraft.server.level.progress.LoggingLevelLoadListener/]: Loading 49 chunks for player spawn...
[15Jul2026 19:20:58.176] [Server thread/INFO] [net.minecraft.server.level.progress.LoggingLevelLoadListener/]: Preparing spawn area: 16%
[15Jul2026 19:20:58.311] [Server thread/INFO] [net.minecraft.server.level.progress.LoggingLevelLoadListener/]: Preparing spawn area: 100%
[15Jul2026 19:20:58.311] [Server thread/INFO] [net.minecraft.server.level.progress.LoggingLevelLoadListener/]: Time elapsed: 515 ms
[15Jul2026 19:20:58.502] [Server thread/INFO] [net.minecraft.server.players.PlayerList/]: Dev[local:E:05e91dc1] logged in with entity id 1 at (1.5365527650807798, -60.0, -6.1208799224958925)
[15Jul2026 19:20:58.535] [Server thread/INFO] [net.minecraft.server.MinecraftServer/]: Dev joined the game
[15Jul2026 19:20:58.600] [Server thread/INFO] [net.minecraft.client.server.IntegratedServer/]: Changing view distance to 16, from 10
[15Jul2026 19:20:58.602] [Server thread/INFO] [net.minecraft.client.server.IntegratedServer/]: Changing simulation distance to 12, from 0
[15Jul2026 19:20:58.616] [Render thread/WARN] [net.minecraft.client.multiplayer.ClientPacketListener/]: Ignoring chat session from Dev due to missing Services public key
[15Jul2026 19:20:58.617] [Render thread/INFO] [net.minecraft.advancements.AdvancementTree/]: Loaded 3 advancements
[15Jul2026 19:20:58.678] [Render thread/INFO] [net.minecraft.client.renderer.DynamicUniformStorage/]: Resizing Dynamic Transforms UBO, capacity limit of 2 reached during a single frame. New capacity will be 4.
[15Jul2026 19:20:58.703] [Render thread/INFO] [net.minecraft.client.renderer.DynamicUniformStorage/]: Resizing Dynamic Transforms UBO, capacity limit of 4 reached during a single frame. New capacity will be 8.
[15Jul2026 19:20:58.759] [Render thread/INFO] [net.minecraft.client.renderer.DynamicUniformStorage/]: Resizing Chunk Sections UBO, capacity limit of 2 reached during a single frame. New capacity will be 4.
[15Jul2026 19:20:58.820] [Render thread/INFO] [net.minecraft.client.renderer.DynamicUniformStorage/]: Resizing Chunk Sections UBO, capacity limit of 4 reached during a single frame. New capacity will be 16.
[15Jul2026 19:20:58.867] [Render thread/INFO] [net.minecraft.client.renderer.DynamicUniformStorage/]: Resizing Chunk Sections UBO, capacity limit of 16 reached during a single frame. New capacity will be 32.
[15Jul2026 19:20:58.899] [Render thread/INFO] [net.minecraft.client.renderer.DynamicUniformStorage/]: Resizing Chunk Sections UBO, capacity limit of 32 reached during a single frame. New capacity will be 64.
[15Jul2026 19:20:59.046] [Render thread/INFO] [net.minecraft.client.renderer.DynamicUniformStorage/]: Resizing Chunk Sections UBO, capacity limit of 64 reached during a single frame. New capacity will be 128.
[15Jul2026 19:20:59.225] [Render thread/INFO] [net.minecraft.client.renderer.DynamicUniformStorage/]: Resizing Chunk Sections UBO, capacity limit of 128 reached during a single frame. New capacity will be 256.
[15Jul2026 19:20:59.514] [Render thread/INFO] [net.minecraft.client.renderer.DynamicUniformStorage/]: Resizing Chunk Sections UBO, capacity limit of 256 reached during a single frame. New capacity will be 512.
[15Jul2026 19:21:22.760] [Server thread/INFO] [net.minecraft.client.server.IntegratedServer/]: Saving and pausing game...
[15Jul2026 19:21:22.773] [Server thread/INFO] [net.minecraft.server.MinecraftServer/]: Saving chunks for level 'ServerLevel[New World]'/minecraft:overworld
[15Jul2026 19:21:22.779] [Server thread/INFO] [net.minecraft.server.MinecraftServer/]: Saving chunks for level 'ServerLevel[New World]'/minecraft:the_nether
[15Jul2026 19:21:22.780] [Server thread/INFO] [net.minecraft.server.MinecraftServer/]: Saving chunks for level 'ServerLevel[New World]'/minecraft:the_end
[15Jul2026 19:21:24.460] [Server thread/INFO] [net.minecraft.server.MinecraftServer/]: Stopping server
[15Jul2026 19:21:24.460] [Server thread/INFO] [net.minecraft.server.MinecraftServer/]: Saving players
[15Jul2026 19:21:24.470] [Server thread/INFO] [net.minecraft.server.network.ServerGamePacketListenerImpl/]: Dev lost connection: Disconnected
[15Jul2026 19:21:24.470] [Server thread/INFO] [net.minecraft.server.MinecraftServer/]: Dev left the game
[15Jul2026 19:21:24.481] [Server thread/INFO] [net.minecraft.server.network.ServerCommonPacketListenerImpl/]: Stopping singleplayer server as player logged out
[15Jul2026 19:21:24.481] [Server thread/INFO] [net.minecraft.server.MinecraftServer/]: Saving worlds
[15Jul2026 19:21:24.599] [Server thread/INFO] [net.minecraft.server.MinecraftServer/]: Saving chunks for level 'ServerLevel[New World]'/minecraft:overworld
[15Jul2026 19:21:24.629] [Server thread/INFO] [net.minecraft.server.MinecraftServer/]: Saving chunks for level 'ServerLevel[New World]'/minecraft:the_nether
[15Jul2026 19:21:24.638] [Server thread/INFO] [net.minecraft.server.MinecraftServer/]: Saving chunks for level 'ServerLevel[New World]'/minecraft:the_end
[15Jul2026 19:21:24.651] [Server thread/INFO] [net.minecraft.server.MinecraftServer/]: ThreadedAnvilChunkStorage (world): All chunks are saved
[15Jul2026 19:21:24.651] [Server thread/INFO] [net.minecraft.server.MinecraftServer/]: ThreadedAnvilChunkStorage (DIM-1): All chunks are saved
[15Jul2026 19:21:24.651] [Server thread/INFO] [net.minecraft.server.MinecraftServer/]: ThreadedAnvilChunkStorage (DIM1): All chunks are saved
[15Jul2026 19:21:24.651] [Server thread/INFO] [net.minecraft.server.MinecraftServer/]: ThreadedAnvilChunkStorage: All dimensions are saved
[15Jul2026 19:21:25.788] [Render thread/INFO] [net.minecraft.client.Minecraft/]: Stopping!
